<?xml version="1.0" encoding="UTF-8"?>
<!-- Generated by org.testng.reporters.JUnitReportReporter -->
<testsuite skipped="0" hostname="tanis-pc" name="registrationTests.NegativeCases" tests="1" failures="0" timestamp="17 IV 2017 20:47:46 GMT" time="10.878" errors="0">
  <testcase name="RegisterWithMissingFirstName" time="10.878" classname="registrationTests.NegativeCases"/>
</testsuite> <!-- registrationTests.NegativeCases -->
