<?xml version="1.0" encoding="UTF-8"?>
<!-- Generated by org.testng.reporters.JUnitReportReporter -->
<testsuite skipped="0" hostname="tanis-pc" name="Tests.NegativeRegistrationCases" tests="1" failures="0" timestamp="23 IV 2017 07:45:54 GMT" time="21.435" errors="0">
  <testcase name="RegisterWithMissingEmail" time="21.435" classname="Tests.NegativeRegistrationCases"/>
</testsuite> <!-- Tests.NegativeRegistrationCases -->
