<?xml version="1.0" encoding="UTF-8"?>
<!-- Generated by org.testng.reporters.JUnitReportReporter -->
<testsuite skipped="0" hostname="tanis-pc" name="registrationTests.NegativeRegistrationCases" tests="1" failures="0" timestamp="20 IV 2017 20:26:03 GMT" time="20.235" errors="0">
  <testcase name="RegisterWithMissingEmail" time="20.235" classname="registrationTests.NegativeRegistrationCases"/>
</testsuite> <!-- registrationTests.NegativeRegistrationCases -->
