<?xml version="1.0" encoding="UTF-8"?>
<!-- Generated by org.testng.reporters.JUnitReportReporter -->
<testsuite skipped="0" hostname="tanis-pc" name="tests.LoginAndReserveCG" tests="1" failures="0" timestamp="23 IV 2017 16:03:44 GMT" time="4.981" errors="0">
  <testcase name="ReserveTicket" time="4.981" classname="tests.LoginAndReserveCG"/>
</testsuite> <!-- tests.LoginAndReserveCG -->
