<?xml version="1.0" encoding="UTF-8"?>
<!-- Generated by org.testng.reporters.JUnitReportReporter -->
<testsuite skipped="0" hostname="tanis-pc" name="Tests.LoginAndReserveCG" tests="2" failures="0" timestamp="23 IV 2017 11:25:50 GMT" time="13.300" errors="0">
  <testcase name="ReserveTicket" time="5.056" classname="Tests.LoginAndReserveCG"/>
  <testcase name="VerifySuccessfulLogin" time="8.244" classname="Tests.LoginAndReserveCG"/>
</testsuite> <!-- Tests.LoginAndReserveCG -->
