<?xml version="1.0" encoding="UTF-8"?>
<!-- Generated by org.testng.reporters.JUnitReportReporter -->
<testsuite skipped="0" hostname="tanis-pc" name="Tests.ReserveTicket" tests="1" failures="0" timestamp="23 IV 2017 07:33:18 GMT" time="8.141" errors="0">
  <testcase name="VerifySuccessfulLogin" time="8.141" classname="Tests.ReserveTicket"/>
</testsuite> <!-- Tests.ReserveTicket -->
